d:\project\obs\obs-studio-21.1.2\build\plugins\obs-outputs\obs-outputs.dir\debug\vc141.pdb
d:\project\obs\obs-studio-21.1.2\build\plugins\obs-outputs\obs-outputs.dir\debug\rtmp.obj
d:\project\obs\obs-studio-21.1.2\build\plugins\obs-outputs\obs-outputs.dir\debug\parseurl.obj
d:\project\obs\obs-studio-21.1.2\build\plugins\obs-outputs\obs-outputs.dir\debug\md5.obj
d:\project\obs\obs-studio-21.1.2\build\plugins\obs-outputs\obs-outputs.dir\debug\log.obj
d:\project\obs\obs-studio-21.1.2\build\plugins\obs-outputs\obs-outputs.dir\debug\hashswf.obj
d:\project\obs\obs-studio-21.1.2\build\plugins\obs-outputs\obs-outputs.dir\debug\cencode.obj
d:\project\obs\obs-studio-21.1.2\build\plugins\obs-outputs\obs-outputs.dir\debug\amf.obj
d:\project\obs\obs-studio-21.1.2\build\plugins\obs-outputs\obs-outputs.dir\debug\net-if.obj
d:\project\obs\obs-studio-21.1.2\build\plugins\obs-outputs\obs-outputs.dir\debug\flv-mux.obj
d:\project\obs\obs-studio-21.1.2\build\plugins\obs-outputs\obs-outputs.dir\debug\flv-output.obj
d:\project\obs\obs-studio-21.1.2\build\plugins\obs-outputs\obs-outputs.dir\debug\rtmp-windows.obj
d:\project\obs\obs-studio-21.1.2\build\plugins\obs-outputs\obs-outputs.dir\debug\rtmp-stream.obj
d:\project\obs\obs-studio-21.1.2\build\plugins\obs-outputs\obs-outputs.dir\debug\null-output.obj
d:\project\obs\obs-studio-21.1.2\build\plugins\obs-outputs\obs-outputs.dir\debug\obs-outputs.obj
d:\project\obs\obs-studio-21.1.2\build\plugins\obs-outputs\cmakefiles\generate.stamp
d:\project\obs\obs-studio-21.1.2\build\plugins\obs-outputs\debug\obs-outputs.dll
d:\project\obs\obs-studio-21.1.2\build\plugins\obs-outputs\debug\obs-outputs.ilk
d:\project\obs\obs-studio-21.1.2\build\plugins\obs-outputs\debug\obs-outputs.pdb
d:\project\obs\obs-studio-21.1.2\build\plugins\obs-outputs\debug\obs-outputs.lib
d:\project\obs\obs-studio-21.1.2\build\plugins\obs-outputs\debug\obs-outputs.exp
d:\project\obs\obs-studio-21.1.2\build\plugins\obs-outputs\obs-outputs.dir\debug\obs-outputs.tlog\cl.command.1.tlog
d:\project\obs\obs-studio-21.1.2\build\plugins\obs-outputs\obs-outputs.dir\debug\obs-outputs.tlog\cl.read.1.tlog
d:\project\obs\obs-studio-21.1.2\build\plugins\obs-outputs\obs-outputs.dir\debug\obs-outputs.tlog\cl.write.1.tlog
d:\project\obs\obs-studio-21.1.2\build\plugins\obs-outputs\obs-outputs.dir\debug\obs-outputs.tlog\custombuild.command.1.tlog
d:\project\obs\obs-studio-21.1.2\build\plugins\obs-outputs\obs-outputs.dir\debug\obs-outputs.tlog\custombuild.read.1.tlog
d:\project\obs\obs-studio-21.1.2\build\plugins\obs-outputs\obs-outputs.dir\debug\obs-outputs.tlog\custombuild.write.1.tlog
d:\project\obs\obs-studio-21.1.2\build\plugins\obs-outputs\obs-outputs.dir\debug\obs-outputs.tlog\link.command.1.tlog
d:\project\obs\obs-studio-21.1.2\build\plugins\obs-outputs\obs-outputs.dir\debug\obs-outputs.tlog\link.read.1.tlog
d:\project\obs\obs-studio-21.1.2\build\plugins\obs-outputs\obs-outputs.dir\debug\obs-outputs.tlog\link.write.1.tlog
d:\project\obs\obs-studio-21.1.2\build\plugins\obs-outputs\obs-outputs.dir\debug\obs-outputs.tlog\obs-outputs.write.1u.tlog
