d:\project\obs\obs-studio-21.1.2\build\plugins\obs-ffmpeg\obs-ffmpeg.dir\debug\vc141.pdb
d:\project\obs\obs-studio-21.1.2\build\plugins\obs-ffmpeg\obs-ffmpeg.dir\debug\obs-ffmpeg.obj
d:\project\obs\obs-studio-21.1.2\build\plugins\obs-ffmpeg\obs-ffmpeg.dir\debug\obs-ffmpeg-source.obj
d:\project\obs\obs-studio-21.1.2\build\plugins\obs-ffmpeg\obs-ffmpeg.dir\debug\obs-ffmpeg-output.obj
d:\project\obs\obs-studio-21.1.2\build\plugins\obs-ffmpeg\obs-ffmpeg.dir\debug\obs-ffmpeg-nvenc.obj
d:\project\obs\obs-studio-21.1.2\build\plugins\obs-ffmpeg\obs-ffmpeg.dir\debug\obs-ffmpeg-mux.obj
d:\project\obs\obs-studio-21.1.2\build\plugins\obs-ffmpeg\obs-ffmpeg.dir\debug\obs-ffmpeg-audio-encoders.obj
d:\project\obs\obs-studio-21.1.2\build\plugins\obs-ffmpeg\cmakefiles\generate.stamp
d:\project\obs\obs-studio-21.1.2\build\plugins\obs-ffmpeg\debug\obs-ffmpeg.dll
d:\project\obs\obs-studio-21.1.2\build\plugins\obs-ffmpeg\debug\obs-ffmpeg.ilk
d:\project\obs\obs-studio-21.1.2\build\plugins\obs-ffmpeg\debug\obs-ffmpeg.pdb
d:\project\obs\obs-studio-21.1.2\build\plugins\obs-ffmpeg\debug\obs-ffmpeg.lib
d:\project\obs\obs-studio-21.1.2\build\plugins\obs-ffmpeg\debug\obs-ffmpeg.exp
d:\project\obs\obs-studio-21.1.2\build\plugins\obs-ffmpeg\obs-ffmpeg.dir\debug\obs-ffmpeg.tlog\cl.command.1.tlog
d:\project\obs\obs-studio-21.1.2\build\plugins\obs-ffmpeg\obs-ffmpeg.dir\debug\obs-ffmpeg.tlog\cl.read.1.tlog
d:\project\obs\obs-studio-21.1.2\build\plugins\obs-ffmpeg\obs-ffmpeg.dir\debug\obs-ffmpeg.tlog\cl.write.1.tlog
d:\project\obs\obs-studio-21.1.2\build\plugins\obs-ffmpeg\obs-ffmpeg.dir\debug\obs-ffmpeg.tlog\custombuild.command.1.tlog
d:\project\obs\obs-studio-21.1.2\build\plugins\obs-ffmpeg\obs-ffmpeg.dir\debug\obs-ffmpeg.tlog\custombuild.read.1.tlog
d:\project\obs\obs-studio-21.1.2\build\plugins\obs-ffmpeg\obs-ffmpeg.dir\debug\obs-ffmpeg.tlog\custombuild.write.1.tlog
d:\project\obs\obs-studio-21.1.2\build\plugins\obs-ffmpeg\obs-ffmpeg.dir\debug\obs-ffmpeg.tlog\link.command.1.tlog
d:\project\obs\obs-studio-21.1.2\build\plugins\obs-ffmpeg\obs-ffmpeg.dir\debug\obs-ffmpeg.tlog\link.read.1.tlog
d:\project\obs\obs-studio-21.1.2\build\plugins\obs-ffmpeg\obs-ffmpeg.dir\debug\obs-ffmpeg.tlog\link.write.1.tlog
d:\project\obs\obs-studio-21.1.2\build\plugins\obs-ffmpeg\obs-ffmpeg.dir\debug\obs-ffmpeg.tlog\obs-ffmpeg.write.1u.tlog
