d:\project\obs\obs-studio-21.1.2\build\plugins\image-source\image-source.dir\debug\vc141.pdb
d:\project\obs\obs-studio-21.1.2\build\plugins\image-source\image-source.dir\debug\obs-slideshow.obj
d:\project\obs\obs-studio-21.1.2\build\plugins\image-source\image-source.dir\debug\image-source.obj
d:\project\obs\obs-studio-21.1.2\build\plugins\image-source\image-source.dir\debug\color-source.obj
d:\project\obs\obs-studio-21.1.2\build\plugins\image-source\cmakefiles\generate.stamp
d:\project\obs\obs-studio-21.1.2\build\plugins\image-source\debug\image-source.lib
d:\project\obs\obs-studio-21.1.2\build\plugins\image-source\debug\image-source.exp
d:\project\obs\obs-studio-21.1.2\build\plugins\image-source\debug\image-source.dll
d:\project\obs\obs-studio-21.1.2\build\plugins\image-source\debug\image-source.ilk
d:\project\obs\obs-studio-21.1.2\build\plugins\image-source\debug\image-source.pdb
d:\project\obs\obs-studio-21.1.2\build\plugins\image-source\image-source.dir\debug\image-source.tlog\cl.command.1.tlog
d:\project\obs\obs-studio-21.1.2\build\plugins\image-source\image-source.dir\debug\image-source.tlog\cl.read.1.tlog
d:\project\obs\obs-studio-21.1.2\build\plugins\image-source\image-source.dir\debug\image-source.tlog\cl.write.1.tlog
d:\project\obs\obs-studio-21.1.2\build\plugins\image-source\image-source.dir\debug\image-source.tlog\custombuild.command.1.tlog
d:\project\obs\obs-studio-21.1.2\build\plugins\image-source\image-source.dir\debug\image-source.tlog\custombuild.read.1.tlog
d:\project\obs\obs-studio-21.1.2\build\plugins\image-source\image-source.dir\debug\image-source.tlog\custombuild.write.1.tlog
d:\project\obs\obs-studio-21.1.2\build\plugins\image-source\image-source.dir\debug\image-source.tlog\image-source.write.1u.tlog
d:\project\obs\obs-studio-21.1.2\build\plugins\image-source\image-source.dir\debug\image-source.tlog\link.command.1.tlog
d:\project\obs\obs-studio-21.1.2\build\plugins\image-source\image-source.dir\debug\image-source.tlog\link.read.1.tlog
d:\project\obs\obs-studio-21.1.2\build\plugins\image-source\image-source.dir\debug\image-source.tlog\link.write.1.tlog
