d:\project\obs\obs-studio-21.1.2\build\deps\lzma\lzma.dir\debug\lzma.pdb
d:\project\obs\obs-studio-21.1.2\build\deps\lzma\lzma.dir\debug\easy_encoder.obj
d:\project\obs\obs-studio-21.1.2\build\deps\lzma\lzma.dir\debug\easy_decoder_memusage.obj
d:\project\obs\obs-studio-21.1.2\build\deps\lzma\lzma.dir\debug\easy_buffer_encoder.obj
d:\project\obs\obs-studio-21.1.2\build\deps\lzma\lzma.dir\debug\common.obj
d:\project\obs\obs-studio-21.1.2\build\deps\lzma\lzma.dir\debug\block_util.obj
d:\project\obs\obs-studio-21.1.2\build\deps\lzma\lzma.dir\debug\block_header_encoder.obj
d:\project\obs\obs-studio-21.1.2\build\deps\lzma\lzma.dir\debug\block_header_decoder.obj
d:\project\obs\obs-studio-21.1.2\build\deps\lzma\lzma.dir\debug\block_encoder.obj
d:\project\obs\obs-studio-21.1.2\build\deps\lzma\lzma.dir\debug\block_decoder.obj
d:\project\obs\obs-studio-21.1.2\build\deps\lzma\lzma.dir\debug\block_buffer_encoder.obj
d:\project\obs\obs-studio-21.1.2\build\deps\lzma\lzma.dir\debug\block_buffer_decoder.obj
d:\project\obs\obs-studio-21.1.2\build\deps\lzma\lzma.dir\debug\auto_decoder.obj
d:\project\obs\obs-studio-21.1.2\build\deps\lzma\lzma.dir\debug\alone_encoder.obj
d:\project\obs\obs-studio-21.1.2\build\deps\lzma\lzma.dir\debug\alone_decoder.obj
d:\project\obs\obs-studio-21.1.2\build\deps\lzma\lzma.dir\debug\sha256.obj
d:\project\obs\obs-studio-21.1.2\build\deps\lzma\lzma.dir\debug\crc64_table.obj
d:\project\obs\obs-studio-21.1.2\build\deps\lzma\lzma.dir\debug\crc64_fast.obj
d:\project\obs\obs-studio-21.1.2\build\deps\lzma\lzma.dir\debug\crc32_table.obj
d:\project\obs\obs-studio-21.1.2\build\deps\lzma\lzma.dir\debug\crc32_fast.obj
d:\project\obs\obs-studio-21.1.2\build\deps\lzma\lzma.dir\debug\check.obj
d:\project\obs\obs-studio-21.1.2\build\deps\lzma\lzma.dir\debug\stream_flags_decoder.obj
d:\project\obs\obs-studio-21.1.2\build\deps\lzma\lzma.dir\debug\stream_flags_common.obj
d:\project\obs\obs-studio-21.1.2\build\deps\lzma\lzma.dir\debug\stream_encoder.obj
d:\project\obs\obs-studio-21.1.2\build\deps\lzma\lzma.dir\debug\stream_decoder.obj
d:\project\obs\obs-studio-21.1.2\build\deps\lzma\lzma.dir\debug\stream_buffer_encoder.obj
d:\project\obs\obs-studio-21.1.2\build\deps\lzma\lzma.dir\debug\stream_buffer_decoder.obj
d:\project\obs\obs-studio-21.1.2\build\deps\lzma\lzma.dir\debug\index_hash.obj
d:\project\obs\obs-studio-21.1.2\build\deps\lzma\lzma.dir\debug\index_encoder.obj
d:\project\obs\obs-studio-21.1.2\build\deps\lzma\lzma.dir\debug\index_decoder.obj
d:\project\obs\obs-studio-21.1.2\build\deps\lzma\lzma.dir\debug\index.obj
d:\project\obs\obs-studio-21.1.2\build\deps\lzma\lzma.dir\debug\hardware_physmem.obj
d:\project\obs\obs-studio-21.1.2\build\deps\lzma\lzma.dir\debug\filter_flags_encoder.obj
d:\project\obs\obs-studio-21.1.2\build\deps\lzma\lzma.dir\debug\filter_flags_decoder.obj
d:\project\obs\obs-studio-21.1.2\build\deps\lzma\lzma.dir\debug\filter_encoder.obj
d:\project\obs\obs-studio-21.1.2\build\deps\lzma\lzma.dir\debug\filter_decoder.obj
d:\project\obs\obs-studio-21.1.2\build\deps\lzma\lzma.dir\debug\filter_common.obj
d:\project\obs\obs-studio-21.1.2\build\deps\lzma\lzma.dir\debug\filter_buffer_encoder.obj
d:\project\obs\obs-studio-21.1.2\build\deps\lzma\lzma.dir\debug\filter_buffer_decoder.obj
d:\project\obs\obs-studio-21.1.2\build\deps\lzma\lzma.dir\debug\easy_preset.obj
d:\project\obs\obs-studio-21.1.2\build\deps\lzma\lzma.dir\debug\easy_encoder_memusage.obj
d:\project\obs\obs-studio-21.1.2\build\deps\lzma\lzma.dir\debug\arm.obj
d:\project\obs\obs-studio-21.1.2\build\deps\lzma\lzma.dir\debug\price_table.obj
d:\project\obs\obs-studio-21.1.2\build\deps\lzma\lzma.dir\debug\lzma_encoder_presets.obj
d:\project\obs\obs-studio-21.1.2\build\deps\lzma\lzma.dir\debug\lzma_encoder_optimum_normal.obj
d:\project\obs\obs-studio-21.1.2\build\deps\lzma\lzma.dir\debug\lzma_encoder_optimum_fast.obj
d:\project\obs\obs-studio-21.1.2\build\deps\lzma\lzma.dir\debug\lzma_encoder.obj
d:\project\obs\obs-studio-21.1.2\build\deps\lzma\lzma.dir\debug\lzma_decoder.obj
d:\project\obs\obs-studio-21.1.2\build\deps\lzma\lzma.dir\debug\lzma2_encoder.obj
d:\project\obs\obs-studio-21.1.2\build\deps\lzma\lzma.dir\debug\lzma2_decoder.obj
d:\project\obs\obs-studio-21.1.2\build\deps\lzma\lzma.dir\debug\fastpos_table.obj
d:\project\obs\obs-studio-21.1.2\build\deps\lzma\lzma.dir\debug\lz_encoder_mf.obj
d:\project\obs\obs-studio-21.1.2\build\deps\lzma\lzma.dir\debug\lz_encoder.obj
d:\project\obs\obs-studio-21.1.2\build\deps\lzma\lzma.dir\debug\lz_decoder.obj
d:\project\obs\obs-studio-21.1.2\build\deps\lzma\lzma.dir\debug\delta_encoder.obj
d:\project\obs\obs-studio-21.1.2\build\deps\lzma\lzma.dir\debug\delta_decoder.obj
d:\project\obs\obs-studio-21.1.2\build\deps\lzma\lzma.dir\debug\delta_common.obj
d:\project\obs\obs-studio-21.1.2\build\deps\lzma\lzma.dir\debug\vli_size.obj
d:\project\obs\obs-studio-21.1.2\build\deps\lzma\lzma.dir\debug\vli_encoder.obj
d:\project\obs\obs-studio-21.1.2\build\deps\lzma\lzma.dir\debug\vli_decoder.obj
d:\project\obs\obs-studio-21.1.2\build\deps\lzma\lzma.dir\debug\stream_flags_encoder.obj
d:\project\obs\obs-studio-21.1.2\build\deps\lzma\lzma.dir\debug\x86.obj
d:\project\obs\obs-studio-21.1.2\build\deps\lzma\lzma.dir\debug\sparc.obj
d:\project\obs\obs-studio-21.1.2\build\deps\lzma\lzma.dir\debug\simple_encoder.obj
d:\project\obs\obs-studio-21.1.2\build\deps\lzma\lzma.dir\debug\simple_decoder.obj
d:\project\obs\obs-studio-21.1.2\build\deps\lzma\lzma.dir\debug\simple_coder.obj
d:\project\obs\obs-studio-21.1.2\build\deps\lzma\lzma.dir\debug\powerpc.obj
d:\project\obs\obs-studio-21.1.2\build\deps\lzma\lzma.dir\debug\ia64.obj
d:\project\obs\obs-studio-21.1.2\build\deps\lzma\lzma.dir\debug\armthumb.obj
d:\project\obs\obs-studio-21.1.2\build\deps\lzma\cmakefiles\generate.stamp
d:\project\obs\obs-studio-21.1.2\build\deps\lzma\debug\lzma.lib
d:\project\obs\obs-studio-21.1.2\build\deps\lzma\debug\lzma.pdb
d:\project\obs\obs-studio-21.1.2\build\deps\lzma\lzma.dir\debug\lzma.tlog\cl.command.1.tlog
d:\project\obs\obs-studio-21.1.2\build\deps\lzma\lzma.dir\debug\lzma.tlog\cl.read.1.tlog
d:\project\obs\obs-studio-21.1.2\build\deps\lzma\lzma.dir\debug\lzma.tlog\cl.write.1.tlog
d:\project\obs\obs-studio-21.1.2\build\deps\lzma\lzma.dir\debug\lzma.tlog\custombuild.command.1.tlog
d:\project\obs\obs-studio-21.1.2\build\deps\lzma\lzma.dir\debug\lzma.tlog\custombuild.read.1.tlog
d:\project\obs\obs-studio-21.1.2\build\deps\lzma\lzma.dir\debug\lzma.tlog\custombuild.write.1.tlog
d:\project\obs\obs-studio-21.1.2\build\deps\lzma\lzma.dir\debug\lzma.tlog\lib-link.read.1.tlog
d:\project\obs\obs-studio-21.1.2\build\deps\lzma\lzma.dir\debug\lzma.tlog\lib-link.write.1.tlog
d:\project\obs\obs-studio-21.1.2\build\deps\lzma\lzma.dir\debug\lzma.tlog\lib.command.1.tlog
