d:\project\obs\obs-studio-21.1.2\build\plugins\win-capture\graphics-hook\graphics-hook.dir\debug\vc141.pdb
d:\project\obs\obs-studio-21.1.2\build\plugins\win-capture\graphics-hook\graphics-hook.dir\debug\gl-capture.obj
d:\project\obs\obs-studio-21.1.2\build\plugins\win-capture\graphics-hook\graphics-hook.dir\debug\obfuscate.obj
d:\project\obs\obs-studio-21.1.2\build\plugins\win-capture\graphics-hook\graphics-hook.dir\debug\funchook.obj
d:\project\obs\obs-studio-21.1.2\build\plugins\win-capture\graphics-hook\graphics-hook.dir\debug\graphics-hook.obj
d:\project\obs\obs-studio-21.1.2\build\plugins\win-capture\graphics-hook\graphics-hook.dir\debug\dxgi-capture.obj
d:\project\obs\obs-studio-21.1.2\build\plugins\win-capture\graphics-hook\graphics-hook.dir\debug\d3d9-capture.obj
d:\project\obs\obs-studio-21.1.2\build\plugins\win-capture\graphics-hook\graphics-hook.dir\debug\d3d8-capture.obj
d:\project\obs\obs-studio-21.1.2\build\plugins\win-capture\graphics-hook\graphics-hook.dir\debug\d3d12-capture.obj
d:\project\obs\obs-studio-21.1.2\build\plugins\win-capture\graphics-hook\graphics-hook.dir\debug\d3d11-capture.obj
d:\project\obs\obs-studio-21.1.2\build\plugins\win-capture\graphics-hook\graphics-hook.dir\debug\d3d10-capture.obj
d:\project\obs\obs-studio-21.1.2\build\plugins\win-capture\graphics-hook\cmakefiles\generate.stamp
d:\project\obs\obs-studio-21.1.2\build\plugins\win-capture\graphics-hook\debug\graphics-hook64.lib
d:\project\obs\obs-studio-21.1.2\build\plugins\win-capture\graphics-hook\debug\graphics-hook64.exp
d:\project\obs\obs-studio-21.1.2\build\plugins\win-capture\graphics-hook\debug\graphics-hook64.ilk
d:\project\obs\obs-studio-21.1.2\build\plugins\win-capture\graphics-hook\debug\graphics-hook64.dll
d:\project\obs\obs-studio-21.1.2\build\plugins\win-capture\graphics-hook\debug\graphics-hook64.pdb
d:\project\obs\obs-studio-21.1.2\build\plugins\win-capture\graphics-hook\graphics-hook.dir\debug\graphics-hook.tlog\cl.command.1.tlog
d:\project\obs\obs-studio-21.1.2\build\plugins\win-capture\graphics-hook\graphics-hook.dir\debug\graphics-hook.tlog\cl.read.1.tlog
d:\project\obs\obs-studio-21.1.2\build\plugins\win-capture\graphics-hook\graphics-hook.dir\debug\graphics-hook.tlog\cl.write.1.tlog
d:\project\obs\obs-studio-21.1.2\build\plugins\win-capture\graphics-hook\graphics-hook.dir\debug\graphics-hook.tlog\custombuild.command.1.tlog
d:\project\obs\obs-studio-21.1.2\build\plugins\win-capture\graphics-hook\graphics-hook.dir\debug\graphics-hook.tlog\custombuild.read.1.tlog
d:\project\obs\obs-studio-21.1.2\build\plugins\win-capture\graphics-hook\graphics-hook.dir\debug\graphics-hook.tlog\custombuild.write.1.tlog
d:\project\obs\obs-studio-21.1.2\build\plugins\win-capture\graphics-hook\graphics-hook.dir\debug\graphics-hook.tlog\graphics-hook.write.1u.tlog
d:\project\obs\obs-studio-21.1.2\build\plugins\win-capture\graphics-hook\graphics-hook.dir\debug\graphics-hook.tlog\link.command.1.tlog
d:\project\obs\obs-studio-21.1.2\build\plugins\win-capture\graphics-hook\graphics-hook.dir\debug\graphics-hook.tlog\link.read.1.tlog
d:\project\obs\obs-studio-21.1.2\build\plugins\win-capture\graphics-hook\graphics-hook.dir\debug\graphics-hook.tlog\link.write.1.tlog
