d:\project\obs\obs-studio-21.1.2\build\libobs-opengl\libobs-opengl.dir\debug\vc141.pdb
d:\project\obs\obs-studio-21.1.2\build\libobs-opengl\libobs-opengl.dir\debug\gl-zstencil.obj
d:\project\obs\obs-studio-21.1.2\build\libobs-opengl\libobs-opengl.dir\debug\gl-vertexbuffer.obj
d:\project\obs\obs-studio-21.1.2\build\libobs-opengl\libobs-opengl.dir\debug\gl-texturecube.obj
d:\project\obs\obs-studio-21.1.2\build\libobs-opengl\libobs-opengl.dir\debug\gl-texture2d.obj
d:\project\obs\obs-studio-21.1.2\build\libobs-opengl\libobs-opengl.dir\debug\gl-subsystem.obj
d:\project\obs\obs-studio-21.1.2\build\libobs-opengl\libobs-opengl.dir\debug\gl-stagesurf.obj
d:\project\obs\obs-studio-21.1.2\build\libobs-opengl\libobs-opengl.dir\debug\gl-shaderparser.obj
d:\project\obs\obs-studio-21.1.2\build\libobs-opengl\libobs-opengl.dir\debug\gl-shader.obj
d:\project\obs\obs-studio-21.1.2\build\libobs-opengl\libobs-opengl.dir\debug\gl-indexbuffer.obj
d:\project\obs\obs-studio-21.1.2\build\libobs-opengl\libobs-opengl.dir\debug\gl-helpers.obj
d:\project\obs\obs-studio-21.1.2\build\libobs-opengl\libobs-opengl.dir\debug\gl-windows.obj
d:\project\obs\obs-studio-21.1.2\build\libobs-opengl\cmakefiles\generate.stamp
d:\project\obs\obs-studio-21.1.2\build\libobs-opengl\debug\libobs-opengl.lib
d:\project\obs\obs-studio-21.1.2\build\libobs-opengl\debug\libobs-opengl.exp
d:\project\obs\obs-studio-21.1.2\build\libobs-opengl\debug\libobs-opengl.ilk
d:\project\obs\obs-studio-21.1.2\build\libobs-opengl\debug\libobs-opengl.dll
d:\project\obs\obs-studio-21.1.2\build\libobs-opengl\debug\libobs-opengl.pdb
d:\project\obs\obs-studio-21.1.2\build\libobs-opengl\libobs-opengl.dir\debug\libobs-opengl.tlog\cl.command.1.tlog
d:\project\obs\obs-studio-21.1.2\build\libobs-opengl\libobs-opengl.dir\debug\libobs-opengl.tlog\cl.read.1.tlog
d:\project\obs\obs-studio-21.1.2\build\libobs-opengl\libobs-opengl.dir\debug\libobs-opengl.tlog\cl.write.1.tlog
d:\project\obs\obs-studio-21.1.2\build\libobs-opengl\libobs-opengl.dir\debug\libobs-opengl.tlog\custombuild.command.1.tlog
d:\project\obs\obs-studio-21.1.2\build\libobs-opengl\libobs-opengl.dir\debug\libobs-opengl.tlog\custombuild.read.1.tlog
d:\project\obs\obs-studio-21.1.2\build\libobs-opengl\libobs-opengl.dir\debug\libobs-opengl.tlog\custombuild.write.1.tlog
d:\project\obs\obs-studio-21.1.2\build\libobs-opengl\libobs-opengl.dir\debug\libobs-opengl.tlog\libobs-opengl.write.1u.tlog
d:\project\obs\obs-studio-21.1.2\build\libobs-opengl\libobs-opengl.dir\debug\libobs-opengl.tlog\link.command.1.tlog
d:\project\obs\obs-studio-21.1.2\build\libobs-opengl\libobs-opengl.dir\debug\libobs-opengl.tlog\link.read.1.tlog
d:\project\obs\obs-studio-21.1.2\build\libobs-opengl\libobs-opengl.dir\debug\libobs-opengl.tlog\link.write.1.tlog
