d:\project\obs\obs-studio-21.1.2\build\ui\obs.dir\debug\vc141.pdb
d:\project\obs\obs-studio-21.1.2\build\ui\obs.dir\debug\window-basic-main-profiles.obj
d:\project\obs\obs-studio-21.1.2\build\ui\obs.dir\debug\window-basic-main-dropfiles.obj
d:\project\obs\obs-studio-21.1.2\build\ui\obs.dir\debug\window-basic-main-transitions.obj
d:\project\obs\obs-studio-21.1.2\build\ui\obs.dir\debug\window-basic-main-scene-collections.obj
d:\project\obs\obs-studio-21.1.2\build\ui\obs.dir\debug\window-basic-auto-config-test.obj
d:\project\obs\obs-studio-21.1.2\build\ui\obs.dir\debug\window-basic-source-select.obj
d:\project\obs\obs-studio-21.1.2\build\ui\obs.dir\debug\window-basic-main-outputs.obj
d:\project\obs\obs-studio-21.1.2\build\ui\obs.dir\debug\window-basic-auto-config.obj
d:\project\obs\obs-studio-21.1.2\build\ui\obs.dir\debug\window-basic-properties.obj
d:\project\obs\obs-studio-21.1.2\build\ui\obs.dir\debug\window-basic-interaction.obj
d:\project\obs\obs-studio-21.1.2\build\ui\obs.dir\debug\window-basic-settings.obj
d:\project\obs\obs-studio-21.1.2\build\ui\obs.dir\debug\window-basic-filters.obj
d:\project\obs\obs-studio-21.1.2\build\ui\obs.dir\debug\window-basic-stats.obj
d:\project\obs\obs-studio-21.1.2\build\ui\obs.dir\debug\window-basic-main.obj
d:\project\obs\obs-studio-21.1.2\build\ui\obs.dir\debug\api-interface.obj
d:\project\obs\obs-studio-21.1.2\build\ui\obs.dir\debug\obs-app.obj
d:\project\obs\obs-studio-21.1.2\build\ui\obs.dir\debug\win-update-helpers.obj
d:\project\obs\obs-studio-21.1.2\build\ui\obs.dir\debug\win-update.obj
d:\project\obs\obs-studio-21.1.2\build\ui\obs.dir\debug\update-window.obj
d:\project\obs\obs-studio-21.1.2\build\ui\obs.dir\debug\platform-windows.obj
d:\project\obs\obs-studio-21.1.2\build\ui\obs.dir\debug\visibility-item-widget.obj
d:\project\obs\obs-studio-21.1.2\build\ui\obs.dir\debug\vertical-scroll-area.obj
d:\project\obs\obs-studio-21.1.2\build\ui\obs.dir\debug\locked-checkbox.obj
d:\project\obs\obs-studio-21.1.2\build\ui\obs.dir\debug\visibility-checkbox.obj
d:\project\obs\obs-studio-21.1.2\build\ui\obs.dir\debug\item-widget-helpers.obj
d:\project\obs\obs-studio-21.1.2\build\ui\obs.dir\debug\adv-audio-control.obj
d:\project\obs\obs-studio-21.1.2\build\ui\obs.dir\debug\volume-control.obj
d:\project\obs\obs-studio-21.1.2\build\ui\obs.dir\debug\double-slider.obj
d:\project\obs\obs-studio-21.1.2\build\ui\obs.dir\debug\menu-button.obj
d:\project\obs\obs-studio-21.1.2\build\ui\obs.dir\debug\focus-list.obj
d:\project\obs\obs-studio-21.1.2\build\ui\obs.dir\debug\properties-view.obj
d:\project\obs\obs-studio-21.1.2\build\ui\obs.dir\debug\window-remux.obj
d:\project\obs\obs-studio-21.1.2\build\ui\obs.dir\debug\window-projector.obj
d:\project\obs\obs-studio-21.1.2\build\ui\obs.dir\debug\window-log-reply.obj
d:\project\obs\obs-studio-21.1.2\build\ui\obs.dir\debug\window-namedialog.obj
d:\project\obs\obs-studio-21.1.2\build\ui\obs.dir\debug\window-basic-preview.obj
d:\project\obs\obs-studio-21.1.2\build\ui\obs.dir\debug\window-basic-transform.obj
d:\project\obs\obs-studio-21.1.2\build\ui\obs.dir\debug\window-basic-adv-audio.obj
d:\project\obs\obs-studio-21.1.2\build\ui\obs.dir\debug\window-basic-status-bar.obj
d:\project\obs\obs-studio-21.1.2\build\ui\obs.dir\debug\window-license-agreement.obj
d:\project\obs\obs-studio-21.1.2\build\ui\obs.dir\debug\mocs_compilation.obj
d:\project\obs\obs-studio-21.1.2\build\ui\obs.dir\debug\qrc_obs.obj
d:\project\obs\obs-studio-21.1.2\build\ui\obs.dir\debug\qt-wrappers.obj
d:\project\obs\obs-studio-21.1.2\build\ui\obs.dir\debug\audio-encoders.obj
d:\project\obs\obs-studio-21.1.2\build\ui\obs.dir\debug\remote-text.obj
d:\project\obs\obs-studio-21.1.2\build\ui\obs.dir\debug\source-label.obj
d:\project\obs\obs-studio-21.1.2\build\ui\obs.dir\debug\hotkey-edit.obj
d:\project\obs\obs-studio-21.1.2\build\ui\obs.dir\debug\crash-report.obj
d:\project\obs\obs-studio-21.1.2\build\ui\obs.dir\debug\qt-display.obj
d:\project\obs\obs-studio-21.1.2\build\ui\obs.dir\debug\source-list-widget.obj
d:\project\obs\obs-studio-21.1.2\build\ui\obs.dir\debug\slider-absoluteset-style.obj
d:\project\obs\obs-studio-21.1.2\build\ui\obs.dir\debug\ff-util.obj
d:\project\obs\obs-studio-21.1.2\build\ui\ui_namedialog.h
d:\project\obs\obs-studio-21.1.2\build\ui\ui_autoconfigstartpage.h
d:\project\obs\obs-studio-21.1.2\build\ui\ui_autoconfigvideopage.h
d:\project\obs\obs-studio-21.1.2\build\ui\ui_autoconfigstreampage.h
d:\project\obs\obs-studio-21.1.2\build\ui\ui_autoconfigtestpage.h
d:\project\obs\obs-studio-21.1.2\build\ui\ui_obslicenseagreement.h
d:\project\obs\obs-studio-21.1.2\build\ui\ui_obslogreply.h
d:\project\obs\obs-studio-21.1.2\build\ui\ui_obsbasic.h
d:\project\obs\obs-studio-21.1.2\build\ui\ui_obsbasictransform.h
d:\project\obs\obs-studio-21.1.2\build\ui\ui_obsbasicfilters.h
d:\project\obs\obs-studio-21.1.2\build\ui\ui_obsbasicsettings.h
d:\project\obs\obs-studio-21.1.2\build\ui\ui_obsbasicsourceselect.h
d:\project\obs\obs-studio-21.1.2\build\ui\ui_obsbasicinteraction.h
d:\project\obs\obs-studio-21.1.2\build\ui\ui_obsupdate.h
d:\project\obs\obs-studio-21.1.2\build\ui\ui_obsremux.h
d:\project\obs\obs-studio-21.1.2\build\ui\qrc_obs.cpp
d:\project\obs\obs-studio-21.1.2\build\ui\cmakefiles\generate.stamp
d:\project\obs\obs-studio-21.1.2\build\ui\debug\obs64.exe
d:\project\obs\obs-studio-21.1.2\build\ui\debug\obs64.ilk
d:\project\obs\obs-studio-21.1.2\build\ui\debug\obs64.pdb
d:\project\obs\obs-studio-21.1.2\build\ui\debug\obs64.lib
d:\project\obs\obs-studio-21.1.2\build\ui\debug\obs64.exp
d:\project\obs\obs-studio-21.1.2\build\ui\obs.dir\debug\obs.res
d:\project\obs\obs-studio-21.1.2\build\ui\obs.dir\debug\obs.tlog\cl.command.1.tlog
d:\project\obs\obs-studio-21.1.2\build\ui\obs.dir\debug\obs.tlog\cl.read.1.tlog
d:\project\obs\obs-studio-21.1.2\build\ui\obs.dir\debug\obs.tlog\cl.write.1.tlog
d:\project\obs\obs-studio-21.1.2\build\ui\obs.dir\debug\obs.tlog\custombuild.command.1.tlog
d:\project\obs\obs-studio-21.1.2\build\ui\obs.dir\debug\obs.tlog\custombuild.read.1.tlog
d:\project\obs\obs-studio-21.1.2\build\ui\obs.dir\debug\obs.tlog\custombuild.write.1.tlog
d:\project\obs\obs-studio-21.1.2\build\ui\obs.dir\debug\obs.tlog\link.command.1.tlog
d:\project\obs\obs-studio-21.1.2\build\ui\obs.dir\debug\obs.tlog\link.read.1.tlog
d:\project\obs\obs-studio-21.1.2\build\ui\obs.dir\debug\obs.tlog\link.write.1.tlog
d:\project\obs\obs-studio-21.1.2\build\ui\obs.dir\debug\obs.tlog\obs.write.1u.tlog
d:\project\obs\obs-studio-21.1.2\build\ui\obs.dir\debug\obs.tlog\rc.command.1.tlog
d:\project\obs\obs-studio-21.1.2\build\ui\obs.dir\debug\obs.tlog\rc.read.1.tlog
d:\project\obs\obs-studio-21.1.2\build\ui\obs.dir\debug\obs.tlog\rc.write.1.tlog
