d:\project\obs\obs-studio-21.1.2\build\deps\obs-scripting\obs-scripting.dir\debug\vc141.pdb
d:\project\obs\obs-studio-21.1.2\build\deps\obs-scripting\obs-scripting.dir\debug\obs-scripting-lua-frontend.obj
d:\project\obs\obs-studio-21.1.2\build\deps\obs-scripting\obs-scripting.dir\debug\obs-scripting-lua-source.obj
d:\project\obs\obs-studio-21.1.2\build\deps\obs-scripting\obs-scripting.dir\debug\obs-scripting-lua.obj
d:\project\obs\obs-studio-21.1.2\build\deps\obs-scripting\obs-scripting.dir\debug\obs-scripting-python-import.obj
d:\project\obs\obs-studio-21.1.2\build\deps\obs-scripting\obs-scripting.dir\debug\obs-scripting-python-frontend.obj
d:\project\obs\obs-studio-21.1.2\build\deps\obs-scripting\obs-scripting.dir\debug\obs-scripting-python.obj
d:\project\obs\obs-studio-21.1.2\build\deps\obs-scripting\obs-scripting.dir\debug\obs-scripting-logging.obj
d:\project\obs\obs-studio-21.1.2\build\deps\obs-scripting\obs-scripting.dir\debug\obs-scripting.obj
d:\project\obs\obs-studio-21.1.2\build\deps\obs-scripting\obs-scripting.dir\debug\cstrcache.obj
d:\project\obs\obs-studio-21.1.2\build\deps\obs-scripting\swig\swigpyrun.h
d:\project\obs\obs-studio-21.1.2\build\deps\obs-scripting\swig\swigluarun.h
d:\project\obs\obs-studio-21.1.2\build\deps\obs-scripting\cmakefiles\generate.stamp
d:\project\obs\obs-studio-21.1.2\build\deps\obs-scripting\debug\obs-scripting.ilk
d:\project\obs\obs-studio-21.1.2\build\deps\obs-scripting\debug\obs-scripting.dll
d:\project\obs\obs-studio-21.1.2\build\deps\obs-scripting\debug\obs-scripting.pdb
d:\project\obs\obs-studio-21.1.2\build\deps\obs-scripting\debug\obs-scripting.lib
d:\project\obs\obs-studio-21.1.2\build\deps\obs-scripting\debug\obs-scripting.exp
d:\project\obs\obs-studio-21.1.2\build\deps\obs-scripting\obs-scripting.dir\debug\obs-scripting.tlog\cl.command.1.tlog
d:\project\obs\obs-studio-21.1.2\build\deps\obs-scripting\obs-scripting.dir\debug\obs-scripting.tlog\cl.read.1.tlog
d:\project\obs\obs-studio-21.1.2\build\deps\obs-scripting\obs-scripting.dir\debug\obs-scripting.tlog\cl.write.1.tlog
d:\project\obs\obs-studio-21.1.2\build\deps\obs-scripting\obs-scripting.dir\debug\obs-scripting.tlog\custombuild.command.1.tlog
d:\project\obs\obs-studio-21.1.2\build\deps\obs-scripting\obs-scripting.dir\debug\obs-scripting.tlog\custombuild.read.1.tlog
d:\project\obs\obs-studio-21.1.2\build\deps\obs-scripting\obs-scripting.dir\debug\obs-scripting.tlog\custombuild.write.1.tlog
d:\project\obs\obs-studio-21.1.2\build\deps\obs-scripting\obs-scripting.dir\debug\obs-scripting.tlog\link.command.1.tlog
d:\project\obs\obs-studio-21.1.2\build\deps\obs-scripting\obs-scripting.dir\debug\obs-scripting.tlog\link.read.1.tlog
d:\project\obs\obs-studio-21.1.2\build\deps\obs-scripting\obs-scripting.dir\debug\obs-scripting.tlog\link.write.1.tlog
d:\project\obs\obs-studio-21.1.2\build\deps\obs-scripting\obs-scripting.dir\debug\obs-scripting.tlog\obs-scripting.write.1u.tlog
