d:\project\obs\obs-studio-21.1.2\build\plugins\win-capture\win-capture.dir\debug\vc141.pdb
d:\project\obs\obs-studio-21.1.2\build\plugins\win-capture\win-capture.dir\debug\plugin-main.obj
d:\project\obs\obs-studio-21.1.2\build\plugins\win-capture\win-capture.dir\debug\duplicator-monitor-capture.obj
d:\project\obs\obs-studio-21.1.2\build\plugins\win-capture\win-capture.dir\debug\load-graphics-offsets.obj
d:\project\obs\obs-studio-21.1.2\build\plugins\win-capture\win-capture.dir\debug\window-capture.obj
d:\project\obs\obs-studio-21.1.2\build\plugins\win-capture\win-capture.dir\debug\monitor-capture.obj
d:\project\obs\obs-studio-21.1.2\build\plugins\win-capture\win-capture.dir\debug\window-helpers.obj
d:\project\obs\obs-studio-21.1.2\build\plugins\win-capture\win-capture.dir\debug\game-capture.obj
d:\project\obs\obs-studio-21.1.2\build\plugins\win-capture\win-capture.dir\debug\cursor-capture.obj
d:\project\obs\obs-studio-21.1.2\build\plugins\win-capture\win-capture.dir\debug\inject-library.obj
d:\project\obs\obs-studio-21.1.2\build\plugins\win-capture\win-capture.dir\debug\app-helpers.obj
d:\project\obs\obs-studio-21.1.2\build\plugins\win-capture\win-capture.dir\debug\obfuscate.obj
d:\project\obs\obs-studio-21.1.2\build\plugins\win-capture\win-capture.dir\debug\dc-capture.obj
d:\project\obs\obs-studio-21.1.2\build\plugins\win-capture\cmakefiles\generate.stamp
d:\project\obs\obs-studio-21.1.2\build\plugins\win-capture\debug\win-capture.ilk
d:\project\obs\obs-studio-21.1.2\build\plugins\win-capture\debug\win-capture.dll
d:\project\obs\obs-studio-21.1.2\build\plugins\win-capture\debug\win-capture.pdb
d:\project\obs\obs-studio-21.1.2\build\plugins\win-capture\debug\win-capture.lib
d:\project\obs\obs-studio-21.1.2\build\plugins\win-capture\debug\win-capture.exp
d:\project\obs\obs-studio-21.1.2\build\plugins\win-capture\win-capture.dir\debug\win-capture.tlog\cl.command.1.tlog
d:\project\obs\obs-studio-21.1.2\build\plugins\win-capture\win-capture.dir\debug\win-capture.tlog\cl.read.1.tlog
d:\project\obs\obs-studio-21.1.2\build\plugins\win-capture\win-capture.dir\debug\win-capture.tlog\cl.write.1.tlog
d:\project\obs\obs-studio-21.1.2\build\plugins\win-capture\win-capture.dir\debug\win-capture.tlog\custombuild.command.1.tlog
d:\project\obs\obs-studio-21.1.2\build\plugins\win-capture\win-capture.dir\debug\win-capture.tlog\custombuild.read.1.tlog
d:\project\obs\obs-studio-21.1.2\build\plugins\win-capture\win-capture.dir\debug\win-capture.tlog\custombuild.write.1.tlog
d:\project\obs\obs-studio-21.1.2\build\plugins\win-capture\win-capture.dir\debug\win-capture.tlog\link.command.1.tlog
d:\project\obs\obs-studio-21.1.2\build\plugins\win-capture\win-capture.dir\debug\win-capture.tlog\link.read.1.tlog
d:\project\obs\obs-studio-21.1.2\build\plugins\win-capture\win-capture.dir\debug\win-capture.tlog\link.write.1.tlog
d:\project\obs\obs-studio-21.1.2\build\plugins\win-capture\win-capture.dir\debug\win-capture.tlog\win-capture.write.1u.tlog
