d:\project\obs\obs-studio-21.1.2\build\deps\obs-scripting\obspython\_obspython.dir\debug\vc141.pdb
d:\project\obs\obs-studio-21.1.2\build\deps\obs-scripting\obspython\_obspython.dir\debug\cstrcache.obj
d:\project\obs\obs-studio-21.1.2\build\deps\obs-scripting\obspython\_obspython.dir\debug\obspythonpython_wrap.obj
d:\project\obs\obs-studio-21.1.2\build\deps\obs-scripting\obspython\cmakefiles\_obspython.dir\obspythonpython_wrap.c
d:\project\obs\obs-studio-21.1.2\build\deps\obs-scripting\obspython\obspython.py
d:\project\obs\obs-studio-21.1.2\build\deps\obs-scripting\obspython\cmakefiles\generate.stamp
d:\project\obs\obs-studio-21.1.2\build\deps\obs-scripting\obspython\debug\_obspython.pyd
d:\project\obs\obs-studio-21.1.2\build\deps\obs-scripting\obspython\debug\_obspython.ilk
d:\project\obs\obs-studio-21.1.2\build\deps\obs-scripting\obspython\debug\_obspython.pdb
d:\project\obs\obs-studio-21.1.2\build\deps\obs-scripting\obspython\debug\_obspython.lib
d:\project\obs\obs-studio-21.1.2\build\deps\obs-scripting\obspython\debug\_obspython.exp
d:\project\obs\obs-studio-21.1.2\build\deps\obs-scripting\obspython\_obspython.dir\debug\_obspython.tlog\cl.command.1.tlog
d:\project\obs\obs-studio-21.1.2\build\deps\obs-scripting\obspython\_obspython.dir\debug\_obspython.tlog\cl.read.1.tlog
d:\project\obs\obs-studio-21.1.2\build\deps\obs-scripting\obspython\_obspython.dir\debug\_obspython.tlog\cl.write.1.tlog
d:\project\obs\obs-studio-21.1.2\build\deps\obs-scripting\obspython\_obspython.dir\debug\_obspython.tlog\custombuild.command.1.tlog
d:\project\obs\obs-studio-21.1.2\build\deps\obs-scripting\obspython\_obspython.dir\debug\_obspython.tlog\custombuild.read.1.tlog
d:\project\obs\obs-studio-21.1.2\build\deps\obs-scripting\obspython\_obspython.dir\debug\_obspython.tlog\custombuild.write.1.tlog
d:\project\obs\obs-studio-21.1.2\build\deps\obs-scripting\obspython\_obspython.dir\debug\_obspython.tlog\link.command.1.tlog
d:\project\obs\obs-studio-21.1.2\build\deps\obs-scripting\obspython\_obspython.dir\debug\_obspython.tlog\link.read.1.tlog
d:\project\obs\obs-studio-21.1.2\build\deps\obs-scripting\obspython\_obspython.dir\debug\_obspython.tlog\link.write.1.tlog
d:\project\obs\obs-studio-21.1.2\build\deps\obs-scripting\obspython\_obspython.dir\debug\_obspython.tlog\_obspython.write.1u.tlog
